<?xml version="1.0" encoding="UTF-8"?>
<!-- Generated by org.testng.reporters.JUnitXMLReporter -->
<testsuite ignored="0" hostname="Temps-MacBook-Air.local" failures="0" tests="1" name="End to End Test to Select Products Based on Current Temperature - Chrome" time="24.392" errors="0" timestamp="27 Nov 2021 08:02:04 GMT">
  <testcase classname="com.flinktests.testcases.homepagetestcases" name="endToEndProductSelectionTest" time="13.304"/>
</testsuite> <!-- End to End Test to Select Products Based on Current Temperature - Chrome -->
