<?xml version="1.0" encoding="UTF-8"?>
<!-- Generated by org.testng.reporters.JUnitXMLReporter -->
<testsuite ignored="0" hostname="Temps-MacBook-Air.local" failures="0" tests="1" name="End to End Test to Select Products Based on Current Temperature" time="22.745" errors="0" timestamp="27 Nov 2021 07:53:55 GMT">
  <testcase classname="com.flinktests.testcases.homepagetestcases" name="endToEndProductSelectionTest" time="11.701"/>
</testsuite> <!-- End to End Test to Select Products Based on Current Temperature -->
