<?xml version="1.0" encoding="UTF-8"?>
<!-- Generated by org.testng.reporters.JUnitXMLReporter -->
<testsuite ignored="0" hostname="Manish.local" failures="1" tests="1" name="End to End Test - Chrome" time="58.522" errors="0" timestamp="2026-07-05T18:21:27 IST">
  <testcase classname="com.weathershopper.tests.testcases.HomePageTestCases" name="endToEndProductSelectionTest" time="50.44">
    <failure type="java.lang.RuntimeException" message="Failed to get transaction message">
      <![CDATA[java.lang.RuntimeException: Failed to get transaction message
at com.weathershopper.pages.ConfirmationPage.getTransactionMessage(ConfirmationPage.java:58)
at com.weathershopper.tests.testcases.HomePageTestCases.endToEndProductSelectionTest(HomePageTestCases.java:61)
at java.base/java.util.ArrayList.forEach(ArrayList.java:1604)
at java.base/java.util.concurrent.FutureTask.run(FutureTask.java:328)
at java.base/java.util.concurrent.ThreadPoolExecutor.runWorker(ThreadPoolExecutor.java:1090)
at java.base/java.util.concurrent.ThreadPoolExecutor$Worker.run(ThreadPoolExecutor.java:614)
at java.base/java.lang.Thread.run(Thread.java:1474)
Caused by: org.openqa.selenium.TimeoutException: Expected condition failed: waiting for presence of element located by: By.cssSelector: p.text-justify (tried for 40 second(s) with 2 milliseconds interval)
at org.openqa.selenium.support.ui.WebDriverWait.timeoutException(WebDriverWait.java:84)
at org.openqa.selenium.support.ui.FluentWait.until(FluentWait.java:229)
at com.weathershopper.utilities.ElementUtil.waitForElementPresenceWithWebDriverWait(ElementUtil.java:126)
at com.weathershopper.pages.ConfirmationPage.getTransactionMessage(ConfirmationPage.java:52)
... 21 more
Caused by: org.openqa.selenium.NoSuchElementException: no such element: Unable to locate element: {"method":"css selector","selector":"p.text-justify"}
  (Session info: chrome=149.0.7827.201)
For documentation on this error, please visit: https://www.selenium.dev/documentation/webdriver/troubleshooting/errors#no-such-element-exception
Build info: version: '4.15.0', revision: '1d14b5521b'
System info: os.name: 'Mac OS X', os.arch: 'x86_64', os.version: '14.8.3', java.version: '25.0.3'
Driver info: org.openqa.selenium.chrome.ChromeDriver
Command: [79d0af256bcb496917887b21a0115dd8, findElement {using=css selector, value=p.text-justify}]
Capabilities {acceptInsecureCerts: false, browserName: chrome, browserVersion: 149.0.7827.201, chrome: {chromedriverVersion: 149.0.7827.155 (07b52360cc1..., userDataDir: /var/folders/9l/p14b02rn0g7...}, fedcm:accounts: true, goog:chromeOptions: {debuggerAddress: localhost:61167}, goog:processID: 14827, networkConnectionEnabled: false, pageLoadStrategy: normal, platformName: mac, proxy: Proxy(), se:cdp: ws://localhost:61167/devtoo..., se:cdpVersion: 149.0.7827.201, setWindowRect: true, strictFileInteractability: false, timeouts: {implicit: 0, pageLoad: 300000, script: 30000}, unhandledPromptBehavior: dismiss and notify, webauthn:extension:credBlob: true, webauthn:extension:largeBlob: true, webauthn:extension:minPinLength: true, webauthn:extension:prf: true, webauthn:virtualAuthenticators: true}
Session ID: 79d0af256bcb496917887b21a0115dd8
at org.openqa.selenium.remote.codec.w3c.W3CHttpResponseCodec.createException(W3CHttpResponseCodec.java:200)
at org.openqa.selenium.remote.codec.w3c.W3CHttpResponseCodec.decode(W3CHttpResponseCodec.java:133)
at org.openqa.selenium.remote.codec.w3c.W3CHttpResponseCodec.decode(W3CHttpResponseCodec.java:52)
at org.openqa.selenium.remote.HttpCommandExecutor.execute(HttpCommandExecutor.java:191)
at org.openqa.selenium.remote.service.DriverCommandExecutor.invokeExecute(DriverCommandExecutor.java:200)
at org.openqa.selenium.remote.service.DriverCommandExecutor.execute(DriverCommandExecutor.java:175)
at org.openqa.selenium.remote.RemoteWebDriver.execute(RemoteWebDriver.java:607)
at org.openqa.selenium.remote.ElementLocation$ElementFinder$2.findElement(ElementLocation.java:165)
at org.openqa.selenium.remote.ElementLocation.findElement(ElementLocation.java:59)
at org.openqa.selenium.remote.RemoteWebDriver.findElement(RemoteWebDriver.java:364)
at org.openqa.selenium.remote.RemoteWebDriver.findElement(RemoteWebDriver.java:358)
at org.openqa.selenium.support.ui.ExpectedConditions$6.apply(ExpectedConditions.java:171)
at org.openqa.selenium.support.ui.ExpectedConditions$6.apply(ExpectedConditions.java:168)
at org.openqa.selenium.support.ui.FluentWait.until(FluentWait.java:204)
... 23 more
... Removed 18 stack frames]]>
    </failure>
  </testcase> <!-- endToEndProductSelectionTest -->
</testsuite> <!-- End to End Test - Chrome -->
