<?xml version="1.0" encoding="UTF-8"?>
<!-- Generated by org.testng.reporters.JUnitXMLReporter -->
<testsuite ignored="0" hostname="Manish.local" failures="0" tests="1" name="End to End Test - Firefox" time="1.447" errors="0" timestamp="2026-07-05T18:21:29 IST">
  <testcase classname="com.weathershopper.tests.testcases.HomePageTestCases" name="endToEndProductSelectionTest" time="0.0">
    <skipped/>
  </testcase> <!-- endToEndProductSelectionTest -->
</testsuite> <!-- End to End Test - Firefox -->
