<?xml version="1.0" encoding="UTF-8"?>
<!-- Generated by org.testng.reporters.JUnitXMLReporter -->
<testsuite ignored="0" hostname="Temps-MacBook-Air.local" failures="0" tests="1" name="End to End Test to Select Products Based on Current Temperature - Firefox" time="34.856" errors="0" timestamp="27 Nov 2021 09:58:24 GMT">
  <testcase classname="com.flinktests.testcases.homepagetestcases" name="endToEndProductSelectionTest" time="18.667"/>
</testsuite> <!-- End to End Test to Select Products Based on Current Temperature - Firefox -->
