<?xml version="1.0" encoding="UTF-8"?>
<testng-results ignored="0" total="2" passed="2" failed="0" skipped="0">
  <reporter-output>
  </reporter-output>
  <suite started-at="2021-11-27T09:57:44Z" name="Weather Shopper Test Suite" finished-at="2021-11-27T09:58:19Z" duration-ms="34856">
    <groups>
    </groups>
    <test started-at="2021-11-27T09:57:44Z" name="End to End Test to Select Products Based on Current Temperature - Chrome" finished-at="2021-11-27T09:58:14Z" duration-ms="29881">
      <class name="com.flinktests.testcases.homepagetestcases">
        <test-method is-config="true" signature="setUp(java.lang.String)[pri:0, instance:com.flinktests.testcases.homepagetestcases@600b9d27]" started-at="2021-11-27T09:57:44Z" name="setUp" finished-at="2021-11-27T09:57:56Z" duration-ms="11926" status="PASS">
          <params>
            <param index="0">
              <value>
                <![CDATA[chrome]]>
              </value>
            </param>
          </params>
          <reporter-output>
          </reporter-output>
        </test-method> <!-- setUp -->
        <test-method signature="endToEndProductSelectionTest()[pri:0, instance:com.flinktests.testcases.homepagetestcases@600b9d27]" started-at="2021-11-27T09:57:56Z" name="endToEndProductSelectionTest" finished-at="2021-11-27T09:58:14Z" duration-ms="17327" status="PASS">
          <reporter-output>
          </reporter-output>
        </test-method> <!-- endToEndProductSelectionTest -->
        <test-method is-config="true" signature="endTestCase()[pri:0, instance:com.flinktests.testcases.homepagetestcases@600b9d27]" started-at="2021-11-27T09:58:14Z" name="endTestCase" finished-at="2021-11-27T09:58:14Z" duration-ms="252" status="PASS">
          <reporter-output>
          </reporter-output>
        </test-method> <!-- endTestCase -->
      </class> <!-- com.flinktests.testcases.homepagetestcases -->
    </test> <!-- End to End Test to Select Products Based on Current Temperature - Chrome -->
    <test started-at="2021-11-27T09:57:44Z" name="End to End Test to Select Products Based on Current Temperature - Firefox" finished-at="2021-11-27T09:58:19Z" duration-ms="34856">
      <class name="com.flinktests.testcases.homepagetestcases">
        <test-method is-config="true" signature="setUp(java.lang.String)[pri:0, instance:com.flinktests.testcases.homepagetestcases@6d167f58]" started-at="2021-11-27T09:57:44Z" name="setUp" finished-at="2021-11-27T09:58:00Z" duration-ms="15284" status="PASS">
          <params>
            <param index="0">
              <value>
                <![CDATA[firefox]]>
              </value>
            </param>
          </params>
          <reporter-output>
          </reporter-output>
        </test-method> <!-- setUp -->
        <test-method signature="endToEndProductSelectionTest()[pri:0, instance:com.flinktests.testcases.homepagetestcases@6d167f58]" started-at="2021-11-27T09:58:00Z" name="endToEndProductSelectionTest" finished-at="2021-11-27T09:58:18Z" duration-ms="18667" status="PASS">
          <reporter-output>
          </reporter-output>
        </test-method> <!-- endToEndProductSelectionTest -->
        <test-method is-config="true" signature="endTestCase()[pri:0, instance:com.flinktests.testcases.homepagetestcases@6d167f58]" started-at="2021-11-27T09:58:18Z" name="endTestCase" finished-at="2021-11-27T09:58:19Z" duration-ms="861" status="PASS">
          <reporter-output>
          </reporter-output>
        </test-method> <!-- endTestCase -->
      </class> <!-- com.flinktests.testcases.homepagetestcases -->
    </test> <!-- End to End Test to Select Products Based on Current Temperature - Firefox -->
  </suite> <!-- Weather Shopper Test Suite -->
</testng-results>
