<?xml version="1.0" encoding="UTF-8"?>
<testng-results ignored="0" total="2" passed="1" failed="1" skipped="0">
  <reporter-output>
  </reporter-output>
  <suite started-at="2021-11-27T08:18:50Z" name="Weather Shopper Test Suite" finished-at="2021-11-27T08:19:23Z" duration-ms="32428">
    <groups>
    </groups>
    <test started-at="2021-11-27T08:18:50Z" name="End to End Test to Select Products Based on Current Temperature - Chrome" finished-at="2021-11-27T08:19:19Z" duration-ms="29109">
      <class name="com.flinktests.testcases.homepagetestcases">
        <test-method is-config="true" signature="setUp(java.lang.String)[pri:0, instance:com.flinktests.testcases.homepagetestcases@600b9d27]" started-at="2021-11-27T08:18:50Z" name="setUp" finished-at="2021-11-27T08:19:01Z" duration-ms="11206" status="PASS">
          <params>
            <param index="0">
              <value>
                <![CDATA[chrome]]>
              </value>
            </param>
          </params>
          <reporter-output>
          </reporter-output>
        </test-method> <!-- setUp -->
        <test-method signature="endToEndProductSelectionTest()[pri:0, instance:com.flinktests.testcases.homepagetestcases@600b9d27]" started-at="2021-11-27T08:19:02Z" name="endToEndProductSelectionTest" finished-at="2021-11-27T08:19:19Z" duration-ms="17492" status="PASS">
          <reporter-output>
          </reporter-output>
        </test-method> <!-- endToEndProductSelectionTest -->
        <test-method is-config="true" signature="endTestCase()[pri:0, instance:com.flinktests.testcases.homepagetestcases@600b9d27]" started-at="2021-11-27T08:19:19Z" name="endTestCase" finished-at="2021-11-27T08:19:19Z" duration-ms="189" status="PASS">
          <reporter-output>
          </reporter-output>
        </test-method> <!-- endTestCase -->
      </class> <!-- com.flinktests.testcases.homepagetestcases -->
    </test> <!-- End to End Test to Select Products Based on Current Temperature - Chrome -->
    <test started-at="2021-11-27T08:18:50Z" name="End to End Test to Select Products Based on Current Temperature - Firefox" finished-at="2021-11-27T08:19:23Z" duration-ms="32428">
      <class name="com.flinktests.testcases.homepagetestcases">
        <test-method is-config="true" signature="setUp(java.lang.String)[pri:0, instance:com.flinktests.testcases.homepagetestcases@6d167f58]" started-at="2021-11-27T08:18:50Z" name="setUp" finished-at="2021-11-27T08:19:04Z" duration-ms="13579" status="PASS">
          <params>
            <param index="0">
              <value>
                <![CDATA[firefox]]>
              </value>
            </param>
          </params>
          <reporter-output>
          </reporter-output>
        </test-method> <!-- setUp -->
        <test-method signature="endToEndProductSelectionTest()[pri:0, instance:com.flinktests.testcases.homepagetestcases@6d167f58]" started-at="2021-11-27T08:19:04Z" name="endToEndProductSelectionTest" finished-at="2021-11-27T08:19:22Z" duration-ms="18042" status="FAIL">
          <exception class="java.lang.NullPointerException">
            <message>
              <![CDATA[Cannot invoke "org.openqa.selenium.WebElement.getText()" because the return value of "com.flinkpages.utilities.ElementUtil.getElement(org.openqa.selenium.By)" is null]]>
            </message>
            <full-stacktrace>
              <![CDATA[java.lang.NullPointerException: Cannot invoke "org.openqa.selenium.WebElement.getText()" because the return value of "com.flinkpages.utilities.ElementUtil.getElement(org.openqa.selenium.By)" is null
at com.flinkpages.pages.confirmationpage.getSuccessMessage(confirmationpage.java:35)
at com.flinktests.testcases.homepagetestcases.endToEndProductSelectionTest(homepagetestcases.java:48)
at java.base/jdk.internal.reflect.NativeMethodAccessorImpl.invoke0(Native Method)
at java.base/jdk.internal.reflect.NativeMethodAccessorImpl.invoke(NativeMethodAccessorImpl.java:78)
at java.base/jdk.internal.reflect.DelegatingMethodAccessorImpl.invoke(DelegatingMethodAccessorImpl.java:43)
at java.base/java.lang.reflect.Method.invoke(Method.java:567)
at org.testng.internal.MethodInvocationHelper.invokeMethod(MethodInvocationHelper.java:124)
at org.testng.internal.Invoker.invokeMethod(Invoker.java:583)
at org.testng.internal.Invoker.invokeTestMethod(Invoker.java:719)
at org.testng.internal.Invoker.invokeTestMethods(Invoker.java:989)
at org.testng.internal.TestMethodWorker.invokeTestMethods(TestMethodWorker.java:125)
at org.testng.internal.TestMethodWorker.run(TestMethodWorker.java:109)
at org.testng.TestRunner.privateRun(TestRunner.java:648)
at org.testng.TestRunner.run(TestRunner.java:505)
at org.testng.SuiteRunner.runTest(SuiteRunner.java:455)
at org.testng.SuiteRunner.access$000(SuiteRunner.java:40)
at org.testng.SuiteRunner$SuiteWorker.run(SuiteRunner.java:489)
at org.testng.internal.thread.ThreadUtil$1.call(ThreadUtil.java:52)
at java.base/java.util.concurrent.FutureTask.run(FutureTask.java:264)
at java.base/java.util.concurrent.ThreadPoolExecutor.runWorker(ThreadPoolExecutor.java:1130)
at java.base/java.util.concurrent.ThreadPoolExecutor$Worker.run(ThreadPoolExecutor.java:630)
at java.base/java.lang.Thread.run(Thread.java:831)
]]>
            </full-stacktrace>
          </exception> <!-- java.lang.NullPointerException -->
          <reporter-output>
          </reporter-output>
        </test-method> <!-- endToEndProductSelectionTest -->
        <test-method is-config="true" signature="endTestCase()[pri:0, instance:com.flinktests.testcases.homepagetestcases@6d167f58]" started-at="2021-11-27T08:19:22Z" name="endTestCase" finished-at="2021-11-27T08:19:23Z" duration-ms="740" status="PASS">
          <reporter-output>
          </reporter-output>
        </test-method> <!-- endTestCase -->
      </class> <!-- com.flinktests.testcases.homepagetestcases -->
    </test> <!-- End to End Test to Select Products Based on Current Temperature - Firefox -->
  </suite> <!-- Weather Shopper Test Suite -->
</testng-results>
