<?xml version="1.0" encoding="UTF-8"?>
<!-- Generated by org.testng.reporters.JUnitReportReporter -->
<testsuite hostname="Temps-MacBook-Air.local" failures="0" tests="2" name="com.flinktests.testcases.homepagetestcases" time="64.317" errors="0" timestamp="27 Nov 2021 09:58:24 GMT" skipped="0">
  <testcase classname="com.flinktests.testcases.homepagetestcases" name="endToEndProductSelectionTest" time="29.505"/>
  <testcase classname="com.flinktests.testcases.homepagetestcases" name="endToEndProductSelectionTest" time="34.812"/>
</testsuite> <!-- com.flinktests.testcases.homepagetestcases -->
