<?xml version="1.0" encoding="UTF-8"?>
<!-- Generated by org.testng.reporters.JUnitReportReporter -->
<testsuite hostname="Temps-MacBook-Air.local" failures="0" tests="2" name="com.flinktests.testcases.homepagetestcases" time="61.248" errors="1" timestamp="27 Nov 2021 08:19:28 GMT" skipped="0">
  <testcase classname="com.flinktests.testcases.homepagetestcases" name="endToEndProductSelectionTest" time="32.361">
    <error message="Cannot invoke &quot;org.openqa.selenium.WebElement.getText()&quot; because the return value of &quot;com.flinkpages.utilities.ElementUtil.getElement(org.openqa.selenium.By)&quot; is null" type="java.lang.NullPointerException">
      <![CDATA[java.lang.NullPointerException: Cannot invoke "org.openqa.selenium.WebElement.getText()" because the return value of "com.flinkpages.utilities.ElementUtil.getElement(org.openqa.selenium.By)" is null
at com.flinkpages.pages.confirmationpage.getSuccessMessage(confirmationpage.java:35)
at com.flinktests.testcases.homepagetestcases.endToEndProductSelectionTest(homepagetestcases.java:48)
at java.base/jdk.internal.reflect.NativeMethodAccessorImpl.invoke0(Native Method)
at java.base/jdk.internal.reflect.NativeMethodAccessorImpl.invoke(NativeMethodAccessorImpl.java:78)
at java.base/jdk.internal.reflect.DelegatingMethodAccessorImpl.invoke(DelegatingMethodAccessorImpl.java:43)
at java.base/java.lang.reflect.Method.invoke(Method.java:567)
at org.testng.internal.MethodInvocationHelper.invokeMethod(MethodInvocationHelper.java:124)
at org.testng.internal.Invoker.invokeMethod(Invoker.java:583)
at org.testng.internal.Invoker.invokeTestMethod(Invoker.java:719)
at org.testng.internal.Invoker.invokeTestMethods(Invoker.java:989)
at org.testng.internal.TestMethodWorker.invokeTestMethods(TestMethodWorker.java:125)
at org.testng.internal.TestMethodWorker.run(TestMethodWorker.java:109)
at org.testng.TestRunner.privateRun(TestRunner.java:648)
at org.testng.TestRunner.run(TestRunner.java:505)
at org.testng.SuiteRunner.runTest(SuiteRunner.java:455)
at org.testng.SuiteRunner.access$000(SuiteRunner.java:40)
at org.testng.SuiteRunner$SuiteWorker.run(SuiteRunner.java:489)
at org.testng.internal.thread.ThreadUtil$1.call(ThreadUtil.java:52)
at java.base/java.util.concurrent.FutureTask.run(FutureTask.java:264)
at java.base/java.util.concurrent.ThreadPoolExecutor.runWorker(ThreadPoolExecutor.java:1130)
at java.base/java.util.concurrent.ThreadPoolExecutor$Worker.run(ThreadPoolExecutor.java:630)
at java.base/java.lang.Thread.run(Thread.java:831)
]]>
    </error>
  </testcase> <!-- endToEndProductSelectionTest -->
  <testcase classname="com.flinktests.testcases.homepagetestcases" name="endToEndProductSelectionTest" time="28.887"/>
</testsuite> <!-- com.flinktests.testcases.homepagetestcases -->
